{"C:\\Users\\sajan\\projects\\mynpmpackages\\node-stockpile\\src\\index.ts": {"path":"C:\\Users\\sajan\\projects\\mynpmpackages\\node-stockpile\\src\\index.ts","statementMap":{"0":{"start":{"line":1,"column":0},"end":{"line":1,"column":36}},"1":{"start":{"line":2,"column":0},"end":{"line":2,"column":20}},"2":{"start":{"line":12,"column":20},"end":{"line":12,"column":21}},"3":{"start":{"line":16,"column":63},"end":{"line":16,"column":69}},"4":{"start":{"line":17,"column":8},"end":{"line":17,"column":57}},"5":{"start":{"line":20,"column":27},"end":{"line":29,"column":5}},"6":{"start":{"line":21,"column":21},"end":{"line":21,"column":35}},"7":{"start":{"line":22,"column":8},"end":{"line":28,"column":null}},"8":{"start":{"line":23,"column":12},"end":{"line":23,"column":34}},"9":{"start":{"line":25,"column":26},"end":{"line":25,"column":36}},"10":{"start":{"line":26,"column":12},"end":{"line":26,"column":62}},"11":{"start":{"line":27,"column":12},"end":{"line":27,"column":33}},"12":{"start":{"line":31,"column":31},"end":{"line":34,"column":5}},"13":{"start":{"line":32,"column":41},"end":{"line":32,"column":53}},"14":{"start":{"line":33,"column":8},"end":{"line":33,"column":43}},"15":{"start":{"line":36,"column":27},"end":{"line":46,"column":5}},"16":{"start":{"line":37,"column":21},"end":{"line":37,"column":35}},"17":{"start":{"line":38,"column":21},"end":{"line":38,"column":42}},"18":{"start":{"line":39,"column":8},"end":{"line":45,"column":null}},"19":{"start":{"line":40,"column":12},"end":{"line":40,"column":80}},"20":{"start":{"line":41,"column":12},"end":{"line":41,"column":40}},"21":{"start":{"line":43,"column":26},"end":{"line":43,"column":36}},"22":{"start":{"line":44,"column":12},"end":{"line":44,"column":null}},"23":{"start":{"line":48,"column":42},"end":{"line":59,"column":5}},"24":{"start":{"line":49,"column":21},"end":{"line":49,"column":35}},"25":{"start":{"line":50,"column":21},"end":{"line":50,"column":42}},"26":{"start":{"line":51,"column":8},"end":{"line":58,"column":null}},"27":{"start":{"line":52,"column":25},"end":{"line":52,"column":68}},"28":{"start":{"line":53,"column":11},"end":{"line":53,"column":35}},"29":{"start":{"line":55,"column":26},"end":{"line":55,"column":36}},"30":{"start":{"line":56,"column":12},"end":{"line":56,"column":null}},"31":{"start":{"line":57,"column":12},"end":{"line":57,"column":24}},"32":{"start":{"line":61,"column":33},"end":{"line":69,"column":5}},"33":{"start":{"line":62,"column":30},"end":{"line":62,"column":42}},"34":{"start":{"line":63,"column":24},"end":{"line":63,"column":37}},"35":{"start":{"line":64,"column":20},"end":{"line":64,"column":52}},"36":{"start":{"line":65,"column":8},"end":{"line":67,"column":null}},"37":{"start":{"line":66,"column":12},"end":{"line":66,"column":24}},"38":{"start":{"line":68,"column":8},"end":{"line":68,"column":21}},"39":{"start":{"line":71,"column":31},"end":{"line":79,"column":5}},"40":{"start":{"line":72,"column":21},"end":{"line":72,"column":35}},"41":{"start":{"line":73,"column":8},"end":{"line":78,"column":null}},"42":{"start":{"line":74,"column":12},"end":{"line":74,"column":52}},"43":{"start":{"line":76,"column":26},"end":{"line":76,"column":36}},"44":{"start":{"line":77,"column":12},"end":{"line":77,"column":null}},"45":{"start":{"line":81,"column":28},"end":{"line":90,"column":5}},"46":{"start":{"line":82,"column":21},"end":{"line":82,"column":35}},"47":{"start":{"line":83,"column":21},"end":{"line":83,"column":42}},"48":{"start":{"line":84,"column":8},"end":{"line":89,"column":null}},"49":{"start":{"line":85,"column":12},"end":{"line":85,"column":30}},"50":{"start":{"line":87,"column":26},"end":{"line":87,"column":36}},"51":{"start":{"line":88,"column":12},"end":{"line":88,"column":null}},"52":{"start":{"line":92,"column":27},"end":{"line":92,"column":51}},"53":{"start":{"line":92,"column":41},"end":{"line":92,"column":51}},"54":{"start":{"line":11,"column":0},"end":{"line":11,"column":21}}},"fnMap":{"0":{"name":"(anonymous_1)","decl":{"start":{"line":15,"column":4},"end":{"line":15,"column":16}},"loc":{"start":{"line":15,"column":43},"end":{"line":18,"column":5}}},"1":{"name":"(anonymous_2)","decl":{"start":{"line":20,"column":27},"end":{"line":20,"column":32}},"loc":{"start":{"line":20,"column":38},"end":{"line":29,"column":5}}},"2":{"name":"(anonymous_3)","decl":{"start":{"line":31,"column":31},"end":{"line":31,"column":42}},"loc":{"start":{"line":31,"column":44},"end":{"line":34,"column":5}}},"3":{"name":"(anonymous_4)","decl":{"start":{"line":36,"column":27},"end":{"line":36,"column":32}},"loc":{"start":{"line":36,"column":85},"end":{"line":46,"column":5}}},"4":{"name":"(anonymous_5)","decl":{"start":{"line":48,"column":42},"end":{"line":48,"column":47}},"loc":{"start":{"line":48,"column":112},"end":{"line":59,"column":5}}},"5":{"name":"(anonymous_6)","decl":{"start":{"line":61,"column":33},"end":{"line":61,"column":45}},"loc":{"start":{"line":61,"column":47},"end":{"line":69,"column":5}}},"6":{"name":"(anonymous_7)","decl":{"start":{"line":71,"column":31},"end":{"line":71,"column":36}},"loc":{"start":{"line":71,"column":57},"end":{"line":79,"column":5}}},"7":{"name":"(anonymous_8)","decl":{"start":{"line":81,"column":28},"end":{"line":81,"column":33}},"loc":{"start":{"line":81,"column":65},"end":{"line":90,"column":5}}},"8":{"name":"(anonymous_9)","decl":{"start":{"line":92,"column":27},"end":{"line":92,"column":38}},"loc":{"start":{"line":92,"column":41},"end":{"line":92,"column":51}}}},"branchMap":{"0":{"loc":{"start":{"line":16,"column":16},"end":{"line":16,"column":31}},"type":"default-arg","locations":[{"start":{"line":16,"column":27},"end":{"line":16,"column":31}}]},"1":{"loc":{"start":{"line":16,"column":33},"end":{"line":16,"column":58}},"type":"default-arg","locations":[{"start":{"line":16,"column":46},"end":{"line":16,"column":58}}]},"2":{"loc":{"start":{"line":65,"column":8},"end":{"line":67,"column":null}},"type":"if","locations":[{"start":{"line":65,"column":8},"end":{"line":67,"column":null}}]}},"s":{"0":1,"1":1,"2":1,"3":1,"4":1,"5":1,"6":1,"7":1,"8":1,"9":0,"10":0,"11":0,"12":1,"13":2,"14":2,"15":1,"16":1,"17":1,"18":1,"19":1,"20":1,"21":0,"22":0,"23":1,"24":0,"25":0,"26":0,"27":0,"28":0,"29":0,"30":0,"31":0,"32":1,"33":0,"34":0,"35":0,"36":0,"37":0,"38":0,"39":1,"40":0,"41":0,"42":0,"43":0,"44":0,"45":1,"46":0,"47":0,"48":0,"49":0,"50":0,"51":0,"52":1,"53":1,"54":1},"f":{"0":1,"1":1,"2":2,"3":1,"4":0,"5":0,"6":0,"7":0,"8":1},"b":{"0":[1],"1":[1],"2":[0]}}
}
